<?xml version="1.0" encoding="utf-8"?>
<test-run id="2" name="TableParser.exe" fullname="D:/projects/C#/table-parser.csprojTwo/bin/Debug/TableParser.exe" testcasecount="3" result="Passed" start-time="2019-10-18 19:47:22Z" end-time="2019-10-18 19:47:22Z" duration="0.056447" total="3" passed="3" failed="0" inconclusive="0" skipped="0" asserts="3" random-seed="2008770291">
  <command-line><![CDATA["D:\projects\C#\table-parser.csprojTwo\bin\Debug\TableParser.exe" ]]></command-line>
  <filter />
  <test-suite type="Assembly" id="1006" name="TableParser.exe" fullname="D:/projects/C#/table-parser.csprojTwo/bin/Debug/TableParser.exe" runstate="Runnable" testcasecount="3" result="Passed" start-time="2019-10-18 19:47:22Z" end-time="2019-10-18 19:47:22Z" duration="0.056447" total="3" passed="3" failed="0" warnings="0" inconclusive="0" skipped="0" asserts="3">
    <environment framework-version="3.12.0.0" clr-version="4.0.30319.42000" os-version="Microsoft Windows NT 10.0.18362" platform="Win32NT" cwd="D:\projects\C#\table-parser.csprojTwo\bin\Debug" machine-name="DESKTOP-DJ3VCHB" user="user" user-domain="DESKTOP-DJ3VCHB" culture="ru-RU" uiculture="ru-RU" os-architecture="x86" />
    <settings>
      <setting name="WorkDirectory" value="D:\projects\C#\table-parser.csprojTwo\bin\Debug" />
      <setting name="NumberOfTestWorkers" value="12" />
    </settings>
    <properties>
      <property name="_PID" value="13872" />
      <property name="_APPDOMAIN" value="TableParser.exe" />
    </properties>
    <test-suite type="TestSuite" id="1007" name="TableParser" fullname="TableParser" runstate="Runnable" testcasecount="3" result="Passed" start-time="2019-10-18 19:47:22Z" end-time="2019-10-18 19:47:22Z" duration="0.044343" total="3" passed="3" failed="0" warnings="0" inconclusive="0" skipped="0" asserts="3">
      <test-suite type="TestFixture" id="1005" name="FieldParserTaskTests" fullname="TableParser.FieldParserTaskTests" classname="TableParser.FieldParserTaskTests" runstate="Runnable" testcasecount="0" result="Passed" start-time="2019-10-18 19:47:22Z" end-time="2019-10-18 19:47:22Z" duration="0.000976" total="0" passed="0" failed="0" warnings="0" inconclusive="0" skipped="0" asserts="0" />
      <test-suite type="TestFixture" id="1000" name="QuotedFieldTaskTests" fullname="TableParser.QuotedFieldTaskTests" classname="TableParser.QuotedFieldTaskTests" runstate="Runnable" testcasecount="3" result="Passed" start-time="2019-10-18 19:47:22Z" end-time="2019-10-18 19:47:22Z" duration="0.034716" total="3" passed="3" failed="0" warnings="0" inconclusive="0" skipped="0" asserts="3">
        <test-suite type="ParameterizedMethod" id="1004" name="Test" fullname="TableParser.QuotedFieldTaskTests.Test" classname="TableParser.QuotedFieldTaskTests" runstate="Runnable" testcasecount="3" result="Passed" start-time="2019-10-18 19:47:22Z" end-time="2019-10-18 19:47:22Z" duration="0.030716" total="3" passed="3" failed="0" warnings="0" inconclusive="0" skipped="0" asserts="3">
          <test-case id="1001" name="Test(&quot;''&quot;,0,&quot;&quot;,2)" fullname="TableParser.QuotedFieldTaskTests.Test(&quot;''&quot;,0,&quot;&quot;,2)" methodname="Test" classname="TableParser.QuotedFieldTaskTests" runstate="Runnable" seed="1808278011" result="Passed" start-time="2019-10-18 19:47:22Z" end-time="2019-10-18 19:47:22Z" duration="0.027991" asserts="1" />
          <test-case id="1002" name="Test(&quot;'a'&quot;,0,&quot;a&quot;,3)" fullname="TableParser.QuotedFieldTaskTests.Test(&quot;'a'&quot;,0,&quot;a&quot;,3)" methodname="Test" classname="TableParser.QuotedFieldTaskTests" runstate="Runnable" seed="1321913753" result="Passed" start-time="2019-10-18 19:47:22Z" end-time="2019-10-18 19:47:22Z" duration="0.000143" asserts="1" />
          <test-case id="1003" name="Test(&quot;\&quot;Q \\\&quot;\&quot;&quot;,0,&quot;Q \&quot;&quot;,6)" fullname="TableParser.QuotedFieldTaskTests.Test(&quot;\&quot;Q \\\&quot;\&quot;&quot;,0,&quot;Q \&quot;&quot;,6)" methodname="Test" classname="TableParser.QuotedFieldTaskTests" runstate="Runnable" seed="570840788" result="Passed" start-time="2019-10-18 19:47:22Z" end-time="2019-10-18 19:47:22Z" duration="0.000064" asserts="1" />
        </test-suite>
      </test-suite>
    </test-suite>
  </test-suite>
</test-run>